[0.085s] DEBUG:colcon:Command line arguments: ['/home/yeryn/.local/bin/colcon', 'build']
[0.085s] DEBUG:colcon:Parsed command line arguments: Namespace(log_base=None, log_level=None, verb_name='build', build_base='build', install_base='install', merge_install=False, symlink_install=False, test_result_base=None, continue_on_error=False, executor='parallel', parallel_workers=4, event_handlers=None, ignore_user_meta=False, metas=['./colcon.meta'], base_paths=['.'], packages_ignore=None, packages_ignore_regex=None, paths=None, packages_up_to=None, packages_up_to_regex=None, packages_above=None, packages_above_and_dependencies=None, packages_above_depth=None, packages_select_by_dep=None, packages_skip_by_dep=None, packages_skip_up_to=None, packages_select_build_failed=False, packages_skip_build_finished=False, packages_select_test_failures=False, packages_skip_test_passed=False, packages_select=None, packages_skip=None, packages_select_regex=None, packages_skip_regex=None, packages_start=None, packages_end=None, cmake_args=None, cmake_target=None, cmake_target_skip_unavailable=False, cmake_clean_cache=False, cmake_clean_first=False, cmake_force_configure=False, ament_cmake_args=None, catkin_cmake_args=None, catkin_skip_building_tests=False, verb_parser=<colcon_defaults.argument_parser.defaults.DefaultArgumentsDecorator object at 0xf3d21a461d50>, verb_extension=<colcon_core.verb.build.BuildVerb object at 0xf3d21a3e74c0>, main=<bound method BuildVerb.main of <colcon_core.verb.build.BuildVerb object at 0xf3d21a3e74c0>>)
[0.164s] Level 1:colcon.colcon_core.package_discovery:discover_packages(colcon_meta) check parameters
[0.164s] Level 1:colcon.colcon_core.package_discovery:discover_packages(recursive) check parameters
[0.164s] Level 1:colcon.colcon_core.package_discovery:discover_packages(ignore) check parameters
[0.164s] Level 1:colcon.colcon_core.package_discovery:discover_packages(path) check parameters
[0.164s] Level 1:colcon.colcon_core.package_discovery:discover_packages(colcon_meta) discover
[0.164s] Level 1:colcon.colcon_core.package_discovery:discover_packages(recursive) discover
[0.164s] INFO:colcon.colcon_core.package_discovery:Crawling recursively for packages in '/home/yeryn/practice'
[0.164s] Level 1:colcon.colcon_core.package_identification:_identify(.) by extensions ['ignore', 'ignore_ament_install']
[0.164s] Level 1:colcon.colcon_core.package_identification:_identify(.) by extension 'ignore'
[0.164s] Level 1:colcon.colcon_core.package_identification:_identify(.) by extension 'ignore_ament_install'
[0.164s] Level 1:colcon.colcon_core.package_identification:_identify(.) by extensions ['colcon_pkg']
[0.164s] Level 1:colcon.colcon_core.package_identification:_identify(.) by extension 'colcon_pkg'
[0.164s] Level 1:colcon.colcon_core.package_identification:_identify(.) by extensions ['colcon_meta']
[0.164s] Level 1:colcon.colcon_core.package_identification:_identify(.) by extension 'colcon_meta'
[0.164s] Level 1:colcon.colcon_core.package_identification:_identify(.) by extensions ['ros']
[0.164s] Level 1:colcon.colcon_core.package_identification:_identify(.) by extension 'ros'
[0.170s] Level 1:colcon.colcon_core.package_identification:_identify(.) by extensions ['cmake', 'python']
[0.170s] Level 1:colcon.colcon_core.package_identification:_identify(.) by extension 'cmake'
[0.170s] Level 1:colcon.colcon_core.package_identification:_identify(.) by extension 'python'
[0.170s] Level 1:colcon.colcon_core.package_identification:_identify(.) by extensions ['python_setup_py']
[0.170s] Level 1:colcon.colcon_core.package_identification:_identify(.) by extension 'python_setup_py'
[0.170s] Level 1:colcon.colcon_core.package_identification:_identify(build) by extensions ['ignore', 'ignore_ament_install']
[0.170s] Level 1:colcon.colcon_core.package_identification:_identify(build) by extension 'ignore'
[0.170s] Level 1:colcon.colcon_core.package_identification:_identify(build) ignored
[0.170s] Level 1:colcon.colcon_core.package_identification:_identify(install) by extensions ['ignore', 'ignore_ament_install']
[0.170s] Level 1:colcon.colcon_core.package_identification:_identify(install) by extension 'ignore'
[0.170s] Level 1:colcon.colcon_core.package_identification:_identify(install) ignored
[0.170s] Level 1:colcon.colcon_core.package_identification:_identify(log) by extensions ['ignore', 'ignore_ament_install']
[0.170s] Level 1:colcon.colcon_core.package_identification:_identify(log) by extension 'ignore'
[0.170s] Level 1:colcon.colcon_core.package_identification:_identify(log) ignored
[0.171s] Level 1:colcon.colcon_core.package_identification:_identify(unitree_nav) by extensions ['ignore', 'ignore_ament_install']
[0.171s] Level 1:colcon.colcon_core.package_identification:_identify(unitree_nav) by extension 'ignore'
[0.171s] Level 1:colcon.colcon_core.package_identification:_identify(unitree_nav) by extension 'ignore_ament_install'
[0.171s] Level 1:colcon.colcon_core.package_identification:_identify(unitree_nav) by extensions ['colcon_pkg']
[0.171s] Level 1:colcon.colcon_core.package_identification:_identify(unitree_nav) by extension 'colcon_pkg'
[0.171s] Level 1:colcon.colcon_core.package_identification:_identify(unitree_nav) by extensions ['colcon_meta']
[0.171s] Level 1:colcon.colcon_core.package_identification:_identify(unitree_nav) by extension 'colcon_meta'
[0.171s] Level 1:colcon.colcon_core.package_identification:_identify(unitree_nav) by extensions ['ros']
[0.171s] Level 1:colcon.colcon_core.package_identification:_identify(unitree_nav) by extension 'ros'
[0.171s] Level 1:colcon.colcon_core.package_identification:_identify(unitree_nav) by extensions ['cmake', 'python']
[0.171s] Level 1:colcon.colcon_core.package_identification:_identify(unitree_nav) by extension 'cmake'
[0.171s] Level 1:colcon.colcon_core.package_identification:_identify(unitree_nav) by extension 'python'
[0.171s] Level 1:colcon.colcon_core.package_identification:_identify(unitree_nav) by extensions ['python_setup_py']
[0.171s] Level 1:colcon.colcon_core.package_identification:_identify(unitree_nav) by extension 'python_setup_py'
[0.171s] Level 1:colcon.colcon_core.package_identification:_identify(unitree_nav/unitree_nav) by extensions ['ignore', 'ignore_ament_install']
[0.171s] Level 1:colcon.colcon_core.package_identification:_identify(unitree_nav/unitree_nav) by extension 'ignore'
[0.171s] Level 1:colcon.colcon_core.package_identification:_identify(unitree_nav/unitree_nav) by extension 'ignore_ament_install'
[0.171s] Level 1:colcon.colcon_core.package_identification:_identify(unitree_nav/unitree_nav) by extensions ['colcon_pkg']
[0.171s] Level 1:colcon.colcon_core.package_identification:_identify(unitree_nav/unitree_nav) by extension 'colcon_pkg'
[0.171s] Level 1:colcon.colcon_core.package_identification:_identify(unitree_nav/unitree_nav) by extensions ['colcon_meta']
[0.171s] Level 1:colcon.colcon_core.package_identification:_identify(unitree_nav/unitree_nav) by extension 'colcon_meta'
[0.171s] Level 1:colcon.colcon_core.package_identification:_identify(unitree_nav/unitree_nav) by extensions ['ros']
[0.171s] Level 1:colcon.colcon_core.package_identification:_identify(unitree_nav/unitree_nav) by extension 'ros'
[0.173s] DEBUG:colcon.colcon_core.package_identification:Package 'unitree_nav/unitree_nav' with type 'ros.ament_cmake' and name 'unitree_nav'
[0.173s] Level 1:colcon.colcon_core.package_identification:_identify(unitree_nav/unitree_nav_interfaces) by extensions ['ignore', 'ignore_ament_install']
[0.173s] Level 1:colcon.colcon_core.package_identification:_identify(unitree_nav/unitree_nav_interfaces) by extension 'ignore'
[0.173s] Level 1:colcon.colcon_core.package_identification:_identify(unitree_nav/unitree_nav_interfaces) by extension 'ignore_ament_install'
[0.173s] Level 1:colcon.colcon_core.package_identification:_identify(unitree_nav/unitree_nav_interfaces) by extensions ['colcon_pkg']
[0.173s] Level 1:colcon.colcon_core.package_identification:_identify(unitree_nav/unitree_nav_interfaces) by extension 'colcon_pkg'
[0.173s] Level 1:colcon.colcon_core.package_identification:_identify(unitree_nav/unitree_nav_interfaces) by extensions ['colcon_meta']
[0.173s] Level 1:colcon.colcon_core.package_identification:_identify(unitree_nav/unitree_nav_interfaces) by extension 'colcon_meta'
[0.173s] Level 1:colcon.colcon_core.package_identification:_identify(unitree_nav/unitree_nav_interfaces) by extensions ['ros']
[0.173s] Level 1:colcon.colcon_core.package_identification:_identify(unitree_nav/unitree_nav_interfaces) by extension 'ros'
[0.173s] DEBUG:colcon.colcon_core.package_identification:Package 'unitree_nav/unitree_nav_interfaces' with type 'ros.ament_cmake' and name 'unitree_nav_interfaces'
[0.173s] Level 1:colcon.colcon_core.package_identification:_identify(unitree_nav/unitree_nav_launch_module) by extensions ['ignore', 'ignore_ament_install']
[0.173s] Level 1:colcon.colcon_core.package_identification:_identify(unitree_nav/unitree_nav_launch_module) by extension 'ignore'
[0.173s] Level 1:colcon.colcon_core.package_identification:_identify(unitree_nav/unitree_nav_launch_module) by extension 'ignore_ament_install'
[0.173s] Level 1:colcon.colcon_core.package_identification:_identify(unitree_nav/unitree_nav_launch_module) by extensions ['colcon_pkg']
[0.173s] Level 1:colcon.colcon_core.package_identification:_identify(unitree_nav/unitree_nav_launch_module) by extension 'colcon_pkg'
[0.173s] Level 1:colcon.colcon_core.package_identification:_identify(unitree_nav/unitree_nav_launch_module) by extensions ['colcon_meta']
[0.173s] Level 1:colcon.colcon_core.package_identification:_identify(unitree_nav/unitree_nav_launch_module) by extension 'colcon_meta'
[0.173s] Level 1:colcon.colcon_core.package_identification:_identify(unitree_nav/unitree_nav_launch_module) by extensions ['ros']
[0.173s] Level 1:colcon.colcon_core.package_identification:_identify(unitree_nav/unitree_nav_launch_module) by extension 'ros'
[0.173s] DEBUG:colcon.colcon_core.package_identification:Package 'unitree_nav/unitree_nav_launch_module' with type 'ros.ament_python' and name 'unitree_nav_launch_module'
[0.173s] Level 1:colcon.colcon_core.package_discovery:discover_packages(recursive) using defaults
[0.173s] Level 1:colcon.colcon_core.package_discovery:discover_packages(ignore) discover
[0.174s] Level 1:colcon.colcon_core.package_discovery:discover_packages(ignore) using defaults
[0.174s] Level 1:colcon.colcon_core.package_discovery:discover_packages(path) discover
[0.174s] Level 1:colcon.colcon_core.package_discovery:discover_packages(path) using defaults
[0.186s] Level 5:colcon.colcon_core.verb:set package 'unitree_nav_interfaces' build argument 'cmake_args' from command line to 'None'
[0.186s] Level 5:colcon.colcon_core.verb:set package 'unitree_nav_interfaces' build argument 'cmake_target' from command line to 'None'
[0.186s] Level 5:colcon.colcon_core.verb:set package 'unitree_nav_interfaces' build argument 'cmake_target_skip_unavailable' from command line to 'False'
[0.186s] Level 5:colcon.colcon_core.verb:set package 'unitree_nav_interfaces' build argument 'cmake_clean_cache' from command line to 'False'
[0.186s] Level 5:colcon.colcon_core.verb:set package 'unitree_nav_interfaces' build argument 'cmake_clean_first' from command line to 'False'
[0.186s] Level 5:colcon.colcon_core.verb:set package 'unitree_nav_interfaces' build argument 'cmake_force_configure' from command line to 'False'
[0.186s] Level 5:colcon.colcon_core.verb:set package 'unitree_nav_interfaces' build argument 'ament_cmake_args' from command line to 'None'
[0.186s] Level 5:colcon.colcon_core.verb:set package 'unitree_nav_interfaces' build argument 'catkin_cmake_args' from command line to 'None'
[0.186s] Level 5:colcon.colcon_core.verb:set package 'unitree_nav_interfaces' build argument 'catkin_skip_building_tests' from command line to 'False'
[0.186s] DEBUG:colcon.colcon_core.verb:Building package 'unitree_nav_interfaces' with the following arguments: {'ament_cmake_args': None, 'build_base': '/home/yeryn/practice/build/unitree_nav_interfaces', 'catkin_cmake_args': None, 'catkin_skip_building_tests': False, 'cmake_args': None, 'cmake_clean_cache': False, 'cmake_clean_first': False, 'cmake_force_configure': False, 'cmake_target': None, 'cmake_target_skip_unavailable': False, 'install_base': '/home/yeryn/practice/install/unitree_nav_interfaces', 'merge_install': False, 'path': '/home/yeryn/practice/unitree_nav/unitree_nav_interfaces', 'symlink_install': False, 'test_result_base': None}
[0.187s] Level 5:colcon.colcon_core.verb:set package 'unitree_nav_launch_module' build argument 'cmake_args' from command line to 'None'
[0.187s] Level 5:colcon.colcon_core.verb:set package 'unitree_nav_launch_module' build argument 'cmake_target' from command line to 'None'
[0.187s] Level 5:colcon.colcon_core.verb:set package 'unitree_nav_launch_module' build argument 'cmake_target_skip_unavailable' from command line to 'False'
[0.187s] Level 5:colcon.colcon_core.verb:set package 'unitree_nav_launch_module' build argument 'cmake_clean_cache' from command line to 'False'
[0.187s] Level 5:colcon.colcon_core.verb:set package 'unitree_nav_launch_module' build argument 'cmake_clean_first' from command line to 'False'
[0.187s] Level 5:colcon.colcon_core.verb:set package 'unitree_nav_launch_module' build argument 'cmake_force_configure' from command line to 'False'
[0.187s] Level 5:colcon.colcon_core.verb:set package 'unitree_nav_launch_module' build argument 'ament_cmake_args' from command line to 'None'
[0.187s] Level 5:colcon.colcon_core.verb:set package 'unitree_nav_launch_module' build argument 'catkin_cmake_args' from command line to 'None'
[0.187s] Level 5:colcon.colcon_core.verb:set package 'unitree_nav_launch_module' build argument 'catkin_skip_building_tests' from command line to 'False'
[0.187s] DEBUG:colcon.colcon_core.verb:Building package 'unitree_nav_launch_module' with the following arguments: {'ament_cmake_args': None, 'build_base': '/home/yeryn/practice/build/unitree_nav_launch_module', 'catkin_cmake_args': None, 'catkin_skip_building_tests': False, 'cmake_args': None, 'cmake_clean_cache': False, 'cmake_clean_first': False, 'cmake_force_configure': False, 'cmake_target': None, 'cmake_target_skip_unavailable': False, 'install_base': '/home/yeryn/practice/install/unitree_nav_launch_module', 'merge_install': False, 'path': '/home/yeryn/practice/unitree_nav/unitree_nav_launch_module', 'symlink_install': False, 'test_result_base': None}
[0.187s] Level 5:colcon.colcon_core.verb:set package 'unitree_nav' build argument 'cmake_args' from command line to 'None'
[0.187s] Level 5:colcon.colcon_core.verb:set package 'unitree_nav' build argument 'cmake_target' from command line to 'None'
[0.187s] Level 5:colcon.colcon_core.verb:set package 'unitree_nav' build argument 'cmake_target_skip_unavailable' from command line to 'False'
[0.187s] Level 5:colcon.colcon_core.verb:set package 'unitree_nav' build argument 'cmake_clean_cache' from command line to 'False'
[0.187s] Level 5:colcon.colcon_core.verb:set package 'unitree_nav' build argument 'cmake_clean_first' from command line to 'False'
[0.187s] Level 5:colcon.colcon_core.verb:set package 'unitree_nav' build argument 'cmake_force_configure' from command line to 'False'
[0.187s] Level 5:colcon.colcon_core.verb:set package 'unitree_nav' build argument 'ament_cmake_args' from command line to 'None'
[0.187s] Level 5:colcon.colcon_core.verb:set package 'unitree_nav' build argument 'catkin_cmake_args' from command line to 'None'
[0.187s] Level 5:colcon.colcon_core.verb:set package 'unitree_nav' build argument 'catkin_skip_building_tests' from command line to 'False'
[0.187s] DEBUG:colcon.colcon_core.verb:Building package 'unitree_nav' with the following arguments: {'ament_cmake_args': None, 'build_base': '/home/yeryn/practice/build/unitree_nav', 'catkin_cmake_args': None, 'catkin_skip_building_tests': False, 'cmake_args': None, 'cmake_clean_cache': False, 'cmake_clean_first': False, 'cmake_force_configure': False, 'cmake_target': None, 'cmake_target_skip_unavailable': False, 'install_base': '/home/yeryn/practice/install/unitree_nav', 'merge_install': False, 'path': '/home/yeryn/practice/unitree_nav/unitree_nav', 'symlink_install': False, 'test_result_base': None}
[0.187s] INFO:colcon.colcon_core.executor:Executing jobs using 'parallel' executor
[0.188s] DEBUG:colcon.colcon_parallel_executor.executor.parallel:run_until_complete
[0.188s] INFO:colcon.colcon_ros.task.ament_cmake.build:Building ROS package in '/home/yeryn/practice/unitree_nav/unitree_nav_interfaces' with build type 'ament_cmake'
[0.188s] INFO:colcon.colcon_cmake.task.cmake.build:Building CMake package in '/home/yeryn/practice/unitree_nav/unitree_nav_interfaces'
[0.189s] INFO:colcon.colcon_core.plugin_system:Skipping extension 'colcon_core.shell.bat': Not used on non-Windows systems
[0.189s] INFO:colcon.colcon_core.shell:Skip shell extension 'powershell' for command environment: Not usable outside of PowerShell
[0.189s] DEBUG:colcon.colcon_core.shell:Skip shell extension 'dsv' for command environment
[0.191s] INFO:colcon.colcon_ros.task.ament_python.build:Building ROS package in '/home/yeryn/practice/unitree_nav/unitree_nav_launch_module' with build type 'ament_python'
[0.191s] Level 1:colcon.colcon_core.shell:create_environment_hook('unitree_nav_launch_module', 'ament_prefix_path')
[0.191s] INFO:colcon.colcon_core.shell:Creating environment hook '/home/yeryn/practice/install/unitree_nav_launch_module/share/unitree_nav_launch_module/hook/ament_prefix_path.ps1'
[0.192s] INFO:colcon.colcon_core.shell:Creating environment descriptor '/home/yeryn/practice/install/unitree_nav_launch_module/share/unitree_nav_launch_module/hook/ament_prefix_path.dsv'
[0.192s] INFO:colcon.colcon_core.shell:Creating environment hook '/home/yeryn/practice/install/unitree_nav_launch_module/share/unitree_nav_launch_module/hook/ament_prefix_path.sh'
[0.192s] INFO:colcon.colcon_core.shell:Skip shell extension 'powershell' for command environment: Not usable outside of PowerShell
[0.192s] DEBUG:colcon.colcon_core.shell:Skip shell extension 'dsv' for command environment
[0.196s] DEBUG:colcon.colcon_core.event_handler.log_command:Invoking command in '/home/yeryn/practice/build/unitree_nav_interfaces': CMAKE_PREFIX_PATH=/opt/ros/humble /usr/bin/cmake /home/yeryn/practice/unitree_nav/unitree_nav_interfaces -DCMAKE_INSTALL_PREFIX=/home/yeryn/practice/install/unitree_nav_interfaces
[0.335s] INFO:colcon.colcon_core.task.python.build:Building Python package in '/home/yeryn/practice/unitree_nav/unitree_nav_launch_module'
[0.335s] INFO:colcon.colcon_core.shell:Skip shell extension 'powershell' for command environment: Not usable outside of PowerShell
[0.335s] DEBUG:colcon.colcon_core.shell:Skip shell extension 'dsv' for command environment
[0.525s] DEBUG:colcon.colcon_core.event_handler.log_command:Invoking command in '/home/yeryn/practice/unitree_nav/unitree_nav_launch_module': PYTHONPATH=/home/yeryn/practice/build/unitree_nav_launch_module/prefix_override:/home/yeryn/practice/install/unitree_nav_launch_module/lib/python3.10/site-packages:${PYTHONPATH} /usr/bin/python3 -W ignore:setup.py install is deprecated setup.py egg_info --egg-base ../../build/unitree_nav_launch_module build --build-base /home/yeryn/practice/build/unitree_nav_launch_module/build install --record /home/yeryn/practice/build/unitree_nav_launch_module/install.log --single-version-externally-managed install_data
[0.650s] DEBUG:colcon.colcon_core.event_handler.log_command:Invoked command in '/home/yeryn/practice/unitree_nav/unitree_nav_launch_module' returned '0': PYTHONPATH=/home/yeryn/practice/build/unitree_nav_launch_module/prefix_override:/home/yeryn/practice/install/unitree_nav_launch_module/lib/python3.10/site-packages:${PYTHONPATH} /usr/bin/python3 -W ignore:setup.py install is deprecated setup.py egg_info --egg-base ../../build/unitree_nav_launch_module build --build-base /home/yeryn/practice/build/unitree_nav_launch_module/build install --record /home/yeryn/practice/build/unitree_nav_launch_module/install.log --single-version-externally-managed install_data
[0.651s] Level 1:colcon.colcon_core.environment:checking '/home/yeryn/practice/install/unitree_nav_launch_module' for CMake module files
[0.651s] Level 1:colcon.colcon_core.environment:checking '/home/yeryn/practice/install/unitree_nav_launch_module' for CMake config files
[0.651s] Level 1:colcon.colcon_core.environment:checking '/home/yeryn/practice/install/unitree_nav_launch_module/lib'
[0.651s] Level 1:colcon.colcon_core.environment:checking '/home/yeryn/practice/install/unitree_nav_launch_module/bin'
[0.651s] Level 1:colcon.colcon_core.environment:checking '/home/yeryn/practice/install/unitree_nav_launch_module/lib/pkgconfig/unitree_nav_launch_module.pc'
[0.652s] Level 1:colcon.colcon_core.environment:checking '/home/yeryn/practice/install/unitree_nav_launch_module/lib/python3.10/site-packages'
[0.652s] Level 1:colcon.colcon_core.shell:create_environment_hook('unitree_nav_launch_module', 'pythonpath')
[0.652s] INFO:colcon.colcon_core.shell:Creating environment hook '/home/yeryn/practice/install/unitree_nav_launch_module/share/unitree_nav_launch_module/hook/pythonpath.ps1'
[0.652s] INFO:colcon.colcon_core.shell:Creating environment descriptor '/home/yeryn/practice/install/unitree_nav_launch_module/share/unitree_nav_launch_module/hook/pythonpath.dsv'
[0.652s] INFO:colcon.colcon_core.shell:Creating environment hook '/home/yeryn/practice/install/unitree_nav_launch_module/share/unitree_nav_launch_module/hook/pythonpath.sh'
[0.652s] Level 1:colcon.colcon_core.environment:checking '/home/yeryn/practice/install/unitree_nav_launch_module/bin'
[0.652s] Level 1:colcon.colcon_core.environment:create_environment_scripts_only(unitree_nav_launch_module)
[0.652s] INFO:colcon.colcon_core.shell:Creating package script '/home/yeryn/practice/install/unitree_nav_launch_module/share/unitree_nav_launch_module/package.ps1'
[0.653s] INFO:colcon.colcon_core.shell:Creating package descriptor '/home/yeryn/practice/install/unitree_nav_launch_module/share/unitree_nav_launch_module/package.dsv'
[0.653s] INFO:colcon.colcon_core.shell:Creating package script '/home/yeryn/practice/install/unitree_nav_launch_module/share/unitree_nav_launch_module/package.sh'
[0.653s] INFO:colcon.colcon_core.shell:Creating package script '/home/yeryn/practice/install/unitree_nav_launch_module/share/unitree_nav_launch_module/package.bash'
[0.654s] INFO:colcon.colcon_core.shell:Creating package script '/home/yeryn/practice/install/unitree_nav_launch_module/share/unitree_nav_launch_module/package.zsh'
[0.654s] Level 1:colcon.colcon_core.environment:create_file_with_runtime_dependencies(/home/yeryn/practice/install/unitree_nav_launch_module/share/colcon-core/packages/unitree_nav_launch_module)
[1.167s] DEBUG:colcon.colcon_core.event_handler.log_command:Invoked command in '/home/yeryn/practice/build/unitree_nav_interfaces' returned '0': CMAKE_PREFIX_PATH=/opt/ros/humble /usr/bin/cmake /home/yeryn/practice/unitree_nav/unitree_nav_interfaces -DCMAKE_INSTALL_PREFIX=/home/yeryn/practice/install/unitree_nav_interfaces
[1.168s] DEBUG:colcon.colcon_core.event_handler.log_command:Invoking command in '/home/yeryn/practice/build/unitree_nav_interfaces': CMAKE_PREFIX_PATH=/opt/ros/humble /usr/bin/cmake --build /home/yeryn/practice/build/unitree_nav_interfaces -- -j4 -l4
[3.112s] DEBUG:colcon.colcon_core.event_handler.log_command:Invoked command in '/home/yeryn/practice/build/unitree_nav_interfaces' returned '0': CMAKE_PREFIX_PATH=/opt/ros/humble /usr/bin/cmake --build /home/yeryn/practice/build/unitree_nav_interfaces -- -j4 -l4
[3.153s] DEBUG:colcon.colcon_core.event_handler.log_command:Invoking command in '/home/yeryn/practice/build/unitree_nav_interfaces': CMAKE_PREFIX_PATH=/opt/ros/humble /usr/bin/cmake --install /home/yeryn/practice/build/unitree_nav_interfaces
[3.188s] Level 1:colcon.colcon_core.environment:create_environment_scripts_only(unitree_nav_interfaces)
[3.189s] Level 1:colcon.colcon_core.environment:checking '/home/yeryn/practice/install/unitree_nav_interfaces' for CMake module files
[3.189s] DEBUG:colcon.colcon_core.event_handler.log_command:Invoked command in '/home/yeryn/practice/build/unitree_nav_interfaces' returned '0': CMAKE_PREFIX_PATH=/opt/ros/humble /usr/bin/cmake --install /home/yeryn/practice/build/unitree_nav_interfaces
[3.189s] Level 1:colcon.colcon_core.environment:checking '/home/yeryn/practice/install/unitree_nav_interfaces' for CMake config files
[3.189s] Level 1:colcon.colcon_core.shell:create_environment_hook('unitree_nav_interfaces', 'cmake_prefix_path')
[3.189s] INFO:colcon.colcon_core.shell:Creating environment hook '/home/yeryn/practice/install/unitree_nav_interfaces/share/unitree_nav_interfaces/hook/cmake_prefix_path.ps1'
[3.189s] INFO:colcon.colcon_core.shell:Creating environment descriptor '/home/yeryn/practice/install/unitree_nav_interfaces/share/unitree_nav_interfaces/hook/cmake_prefix_path.dsv'
[3.189s] INFO:colcon.colcon_core.shell:Creating environment hook '/home/yeryn/practice/install/unitree_nav_interfaces/share/unitree_nav_interfaces/hook/cmake_prefix_path.sh'
[3.190s] Level 1:colcon.colcon_core.environment:checking '/home/yeryn/practice/install/unitree_nav_interfaces/lib'
[3.190s] Level 1:colcon.colcon_core.shell:create_environment_hook('unitree_nav_interfaces', 'ld_library_path_lib')
[3.190s] INFO:colcon.colcon_core.shell:Creating environment hook '/home/yeryn/practice/install/unitree_nav_interfaces/share/unitree_nav_interfaces/hook/ld_library_path_lib.ps1'
[3.190s] INFO:colcon.colcon_core.shell:Creating environment descriptor '/home/yeryn/practice/install/unitree_nav_interfaces/share/unitree_nav_interfaces/hook/ld_library_path_lib.dsv'
[3.190s] INFO:colcon.colcon_core.shell:Creating environment hook '/home/yeryn/practice/install/unitree_nav_interfaces/share/unitree_nav_interfaces/hook/ld_library_path_lib.sh'
[3.190s] Level 1:colcon.colcon_core.environment:checking '/home/yeryn/practice/install/unitree_nav_interfaces/bin'
[3.190s] Level 1:colcon.colcon_core.environment:checking '/home/yeryn/practice/install/unitree_nav_interfaces/lib/pkgconfig/unitree_nav_interfaces.pc'
[3.190s] Level 1:colcon.colcon_core.environment:checking '/home/yeryn/practice/install/unitree_nav_interfaces/lib/python3.10/site-packages'
[3.190s] Level 1:colcon.colcon_core.environment:checking '/home/yeryn/practice/install/unitree_nav_interfaces/bin'
[3.190s] INFO:colcon.colcon_core.shell:Creating package script '/home/yeryn/practice/install/unitree_nav_interfaces/share/unitree_nav_interfaces/package.ps1'
[3.191s] INFO:colcon.colcon_core.shell:Creating package descriptor '/home/yeryn/practice/install/unitree_nav_interfaces/share/unitree_nav_interfaces/package.dsv'
[3.191s] INFO:colcon.colcon_core.shell:Creating package script '/home/yeryn/practice/install/unitree_nav_interfaces/share/unitree_nav_interfaces/package.sh'
[3.191s] INFO:colcon.colcon_core.shell:Creating package script '/home/yeryn/practice/install/unitree_nav_interfaces/share/unitree_nav_interfaces/package.bash'
[3.191s] INFO:colcon.colcon_core.shell:Creating package script '/home/yeryn/practice/install/unitree_nav_interfaces/share/unitree_nav_interfaces/package.zsh'
[3.191s] Level 1:colcon.colcon_core.environment:create_file_with_runtime_dependencies(/home/yeryn/practice/install/unitree_nav_interfaces/share/colcon-core/packages/unitree_nav_interfaces)
[3.228s] Level 1:colcon.colcon_core.environment:create_environment_scripts_only(unitree_nav_interfaces)
[3.228s] Level 1:colcon.colcon_core.environment:checking '/home/yeryn/practice/install/unitree_nav_interfaces' for CMake module files
[3.228s] Level 1:colcon.colcon_core.environment:checking '/home/yeryn/practice/install/unitree_nav_interfaces' for CMake config files
[3.228s] Level 1:colcon.colcon_core.shell:create_environment_hook('unitree_nav_interfaces', 'cmake_prefix_path')
[3.229s] INFO:colcon.colcon_core.shell:Creating environment hook '/home/yeryn/practice/install/unitree_nav_interfaces/share/unitree_nav_interfaces/hook/cmake_prefix_path.ps1'
[3.229s] INFO:colcon.colcon_core.shell:Creating environment descriptor '/home/yeryn/practice/install/unitree_nav_interfaces/share/unitree_nav_interfaces/hook/cmake_prefix_path.dsv'
[3.229s] INFO:colcon.colcon_core.shell:Creating environment hook '/home/yeryn/practice/install/unitree_nav_interfaces/share/unitree_nav_interfaces/hook/cmake_prefix_path.sh'
[3.229s] Level 1:colcon.colcon_core.environment:checking '/home/yeryn/practice/install/unitree_nav_interfaces/lib'
[3.229s] Level 1:colcon.colcon_core.shell:create_environment_hook('unitree_nav_interfaces', 'ld_library_path_lib')
[3.229s] INFO:colcon.colcon_core.shell:Creating environment hook '/home/yeryn/practice/install/unitree_nav_interfaces/share/unitree_nav_interfaces/hook/ld_library_path_lib.ps1'
[3.229s] INFO:colcon.colcon_core.shell:Creating environment descriptor '/home/yeryn/practice/install/unitree_nav_interfaces/share/unitree_nav_interfaces/hook/ld_library_path_lib.dsv'
[3.229s] INFO:colcon.colcon_core.shell:Creating environment hook '/home/yeryn/practice/install/unitree_nav_interfaces/share/unitree_nav_interfaces/hook/ld_library_path_lib.sh'
[3.230s] Level 1:colcon.colcon_core.environment:checking '/home/yeryn/practice/install/unitree_nav_interfaces/bin'
[3.230s] Level 1:colcon.colcon_core.environment:checking '/home/yeryn/practice/install/unitree_nav_interfaces/lib/pkgconfig/unitree_nav_interfaces.pc'
[3.230s] Level 1:colcon.colcon_core.environment:checking '/home/yeryn/practice/install/unitree_nav_interfaces/lib/python3.10/site-packages'
[3.230s] Level 1:colcon.colcon_core.environment:checking '/home/yeryn/practice/install/unitree_nav_interfaces/bin'
[3.230s] INFO:colcon.colcon_core.shell:Creating package script '/home/yeryn/practice/install/unitree_nav_interfaces/share/unitree_nav_interfaces/package.ps1'
[3.230s] INFO:colcon.colcon_core.shell:Creating package descriptor '/home/yeryn/practice/install/unitree_nav_interfaces/share/unitree_nav_interfaces/package.dsv'
[3.230s] INFO:colcon.colcon_core.shell:Creating package script '/home/yeryn/practice/install/unitree_nav_interfaces/share/unitree_nav_interfaces/package.sh'
[3.230s] INFO:colcon.colcon_core.shell:Creating package script '/home/yeryn/practice/install/unitree_nav_interfaces/share/unitree_nav_interfaces/package.bash'
[3.231s] INFO:colcon.colcon_core.shell:Creating package script '/home/yeryn/practice/install/unitree_nav_interfaces/share/unitree_nav_interfaces/package.zsh'
[3.231s] Level 1:colcon.colcon_core.environment:create_file_with_runtime_dependencies(/home/yeryn/practice/install/unitree_nav_interfaces/share/colcon-core/packages/unitree_nav_interfaces)
[3.231s] INFO:colcon.colcon_ros.task.ament_cmake.build:Building ROS package in '/home/yeryn/practice/unitree_nav/unitree_nav' with build type 'ament_cmake'
[3.231s] INFO:colcon.colcon_cmake.task.cmake.build:Building CMake package in '/home/yeryn/practice/unitree_nav/unitree_nav'
[3.231s] INFO:colcon.colcon_core.shell:Skip shell extension 'powershell' for command environment: Not usable outside of PowerShell
[3.231s] DEBUG:colcon.colcon_core.shell:Skip shell extension 'dsv' for command environment
[3.235s] DEBUG:colcon.colcon_core.event_handler.log_command:Invoking command in '/home/yeryn/practice/build/unitree_nav': AMENT_PREFIX_PATH=/home/yeryn/practice/install/unitree_nav_interfaces:${AMENT_PREFIX_PATH} CMAKE_PREFIX_PATH=/home/yeryn/practice/install/unitree_nav_interfaces:/opt/ros/humble LD_LIBRARY_PATH=/home/yeryn/practice/install/unitree_nav_interfaces/lib:${LD_LIBRARY_PATH} PYTHONPATH=/home/yeryn/practice/install/unitree_nav_interfaces/local/lib/python3.10/dist-packages:${PYTHONPATH} /usr/bin/cmake /home/yeryn/practice/unitree_nav/unitree_nav -DCMAKE_INSTALL_PREFIX=/home/yeryn/practice/install/unitree_nav
[4.231s] DEBUG:colcon.colcon_core.event_handler.log_command:Invoked command in '/home/yeryn/practice/build/unitree_nav' returned '1': AMENT_PREFIX_PATH=/home/yeryn/practice/install/unitree_nav_interfaces:${AMENT_PREFIX_PATH} CMAKE_PREFIX_PATH=/home/yeryn/practice/install/unitree_nav_interfaces:/opt/ros/humble LD_LIBRARY_PATH=/home/yeryn/practice/install/unitree_nav_interfaces/lib:${LD_LIBRARY_PATH} PYTHONPATH=/home/yeryn/practice/install/unitree_nav_interfaces/local/lib/python3.10/dist-packages:${PYTHONPATH} /usr/bin/cmake /home/yeryn/practice/unitree_nav/unitree_nav -DCMAKE_INSTALL_PREFIX=/home/yeryn/practice/install/unitree_nav
[4.236s] Level 1:colcon.colcon_core.environment:create_environment_scripts_only(unitree_nav)
[4.236s] Level 1:colcon.colcon_core.environment:checking '/home/yeryn/practice/install/unitree_nav' for CMake module files
[4.236s] Level 1:colcon.colcon_core.environment:checking '/home/yeryn/practice/install/unitree_nav' for CMake config files
[4.236s] Level 1:colcon.colcon_core.environment:checking '/home/yeryn/practice/install/unitree_nav/bin'
[4.236s] Level 1:colcon.colcon_core.environment:checking '/home/yeryn/practice/install/unitree_nav/lib/pkgconfig/unitree_nav.pc'
[4.237s] Level 1:colcon.colcon_core.environment:checking '/home/yeryn/practice/install/unitree_nav/lib/python3.10/site-packages'
[4.237s] Level 1:colcon.colcon_core.environment:checking '/home/yeryn/practice/install/unitree_nav/bin'
[4.237s] INFO:colcon.colcon_core.shell:Creating package script '/home/yeryn/practice/install/unitree_nav/share/unitree_nav/package.ps1'
[4.237s] INFO:colcon.colcon_core.shell:Creating package descriptor '/home/yeryn/practice/install/unitree_nav/share/unitree_nav/package.dsv'
[4.237s] INFO:colcon.colcon_core.shell:Creating package script '/home/yeryn/practice/install/unitree_nav/share/unitree_nav/package.sh'
[4.237s] INFO:colcon.colcon_core.shell:Creating package script '/home/yeryn/practice/install/unitree_nav/share/unitree_nav/package.bash'
[4.237s] INFO:colcon.colcon_core.shell:Creating package script '/home/yeryn/practice/install/unitree_nav/share/unitree_nav/package.zsh'
[4.237s] Level 1:colcon.colcon_core.environment:create_file_with_runtime_dependencies(/home/yeryn/practice/install/unitree_nav/share/colcon-core/packages/unitree_nav)
[4.248s] DEBUG:colcon.colcon_parallel_executor.executor.parallel:closing loop
[4.248s] DEBUG:colcon.colcon_parallel_executor.executor.parallel:loop closed
[4.248s] DEBUG:colcon.colcon_parallel_executor.executor.parallel:run_until_complete finished with '1'
[4.248s] DEBUG:colcon.colcon_core.event_reactor:joining thread
[4.255s] INFO:colcon.colcon_core.plugin_system:Skipping extension 'colcon_notification.desktop_notification.terminal_notifier': Not used on non-Darwin systems
[4.255s] INFO:colcon.colcon_core.plugin_system:Skipping extension 'colcon_notification.desktop_notification.win32': Not used on non-Windows systems
[4.255s] INFO:colcon.colcon_notification.desktop_notification:Sending desktop notification using 'notify2'
[4.273s] DEBUG:colcon.colcon_core.event_reactor:joined thread
[4.274s] INFO:colcon.colcon_core.shell:Creating prefix script '/home/yeryn/practice/install/local_setup.ps1'
[4.274s] INFO:colcon.colcon_core.shell:Creating prefix util module '/home/yeryn/practice/install/_local_setup_util_ps1.py'
[4.275s] INFO:colcon.colcon_core.shell:Creating prefix chain script '/home/yeryn/practice/install/setup.ps1'
[4.275s] INFO:colcon.colcon_core.shell:Creating prefix script '/home/yeryn/practice/install/local_setup.sh'
[4.276s] INFO:colcon.colcon_core.shell:Creating prefix util module '/home/yeryn/practice/install/_local_setup_util_sh.py'
[4.276s] INFO:colcon.colcon_core.shell:Creating prefix chain script '/home/yeryn/practice/install/setup.sh'
[4.276s] INFO:colcon.colcon_core.shell:Creating prefix script '/home/yeryn/practice/install/local_setup.bash'
[4.277s] INFO:colcon.colcon_core.shell:Creating prefix chain script '/home/yeryn/practice/install/setup.bash'
[4.277s] INFO:colcon.colcon_core.shell:Creating prefix script '/home/yeryn/practice/install/local_setup.zsh'
[4.277s] INFO:colcon.colcon_core.shell:Creating prefix chain script '/home/yeryn/practice/install/setup.zsh'
