[0.004s] Invoking command in '/home/yeryn/practice/build/unitree_nav': AMENT_PREFIX_PATH=/home/yeryn/practice/install/unitree_nav_interfaces:${AMENT_PREFIX_PATH} CMAKE_PREFIX_PATH=/home/yeryn/practice/install/unitree_nav_interfaces:/opt/ros/humble LD_LIBRARY_PATH=/home/yeryn/practice/install/unitree_nav_interfaces/lib:${LD_LIBRARY_PATH} PYTHONPATH=/home/yeryn/practice/install/unitree_nav_interfaces/local/lib/python3.10/dist-packages:${PYTHONPATH} /usr/bin/cmake /home/yeryn/practice/unitree_nav/unitree_nav -DCMAKE_INSTALL_PREFIX=/home/yeryn/practice/install/unitree_nav
[0.029s] -- The C compiler identification is GNU 11.4.0
[0.056s] -- The CXX compiler identification is GNU 11.4.0
[0.060s] -- Detecting C compiler ABI info
[0.091s] -- Detecting C compiler ABI info - done
[0.095s] -- Check for working C compiler: /usr/bin/cc - skipped
[0.095s] -- Detecting C compile features
[0.095s] -- Detecting C compile features - done
[0.097s] -- Detecting CXX compiler ABI info
[0.134s] -- Detecting CXX compiler ABI info - done
[0.138s] -- Check for working CXX compiler: /usr/bin/c++ - skipped
[0.138s] -- Detecting CXX compile features
[0.138s] -- Detecting CXX compile features - done
[0.139s] -- Found ament_cmake: 1.3.9 (/opt/ros/humble/share/ament_cmake/cmake)
[0.207s] -- Found Python3: /usr/bin/python3 (found version "3.10.12") found components: Interpreter 
[0.246s] -- Found rclcpp: 16.0.9 (/opt/ros/humble/share/rclcpp/cmake)
[0.268s] -- Found rosidl_generator_c: 3.1.5 (/opt/ros/humble/share/rosidl_generator_c/cmake)
[0.270s] -- Found rosidl_adapter: 3.1.5 (/opt/ros/humble/share/rosidl_adapter/cmake)
[0.274s] -- Found rosidl_generator_cpp: 3.1.5 (/opt/ros/humble/share/rosidl_generator_cpp/cmake)
[0.281s] -- Using all available rosidl_typesupport_c: rosidl_typesupport_fastrtps_c;rosidl_typesupport_introspection_c
[0.290s] -- Using all available rosidl_typesupport_cpp: rosidl_typesupport_fastrtps_cpp;rosidl_typesupport_introspection_cpp
[0.328s] -- Found rmw_implementation_cmake: 6.1.2 (/opt/ros/humble/share/rmw_implementation_cmake/cmake)
[0.329s] -- Found rmw_fastrtps_cpp: 6.2.6 (/opt/ros/humble/share/rmw_fastrtps_cpp/cmake)
[0.372s] -- Found OpenSSL: /usr/lib/aarch64-linux-gnu/libcrypto.so (found version "3.0.2")  
[0.387s] -- Found FastRTPS: /opt/ros/humble/include  
[0.412s] -- Using RMW implementation 'rmw_fastrtps_cpp' as default
[0.417s] -- Looking for pthread.h
[0.448s] -- Looking for pthread.h - found
[0.448s] -- Performing Test CMAKE_HAVE_LIBC_PTHREAD
[0.479s] -- Performing Test CMAKE_HAVE_LIBC_PTHREAD - Success
[0.480s] -- Found Threads: TRUE  
[0.568s] -- Found rclcpp_action: 16.0.9 (/opt/ros/humble/share/rclcpp_action/cmake)
[0.622s] -- Found std_srvs: 4.2.3 (/opt/ros/humble/share/std_srvs/cmake)
[0.632s] -- Found geometry_msgs: 4.2.3 (/opt/ros/humble/share/geometry_msgs/cmake)
[0.656s] -- Found tf2: 0.25.6 (/opt/ros/humble/share/tf2/cmake)
[0.664s] -- Found tf2_geometry_msgs: 0.25.6 (/opt/ros/humble/share/tf2_geometry_msgs/cmake)
[0.672s] -- Found eigen3_cmake_module: 0.1.1 (/opt/ros/humble/share/eigen3_cmake_module/cmake)
[0.673s] -- Found Eigen3: TRUE (found version "3.4.0") 
[0.673s] -- Ensuring Eigen3 include directory is part of orocos-kdl CMake target
[0.826s] -- Found nav2_msgs: 1.1.14 (/opt/ros/humble/share/nav2_msgs/cmake)
[0.994s] [31mCMake Error at CMakeLists.txt:17 (find_package):
[0.994s]   By not providing "Findros2_unitree_legged_msgs.cmake" in CMAKE_MODULE_PATH
[0.994s]   this project has asked CMake to find a package configuration file provided
[0.994s]   by "ros2_unitree_legged_msgs", but CMake did not find one.
[0.994s] 
[0.994s]   Could not find a package configuration file provided by
[0.994s]   "ros2_unitree_legged_msgs" with any of the following names:
[0.994s] 
[0.994s]     ros2_unitree_legged_msgsConfig.cmake
[0.994s]     ros2_unitree_legged_msgs-config.cmake
[0.995s] 
[0.995s]   Add the installation prefix of "ros2_unitree_legged_msgs" to
[0.995s]   CMAKE_PREFIX_PATH or set "ros2_unitree_legged_msgs_DIR" to a directory
[0.995s]   containing one of the above files.  If "ros2_unitree_legged_msgs" provides
[0.995s]   a separate development package or SDK, be sure it has been installed.
[0.995s] 
[0.995s] [0m
[0.995s] -- Configuring incomplete, errors occurred!
[0.995s] See also "/home/yeryn/practice/build/unitree_nav/CMakeFiles/CMakeOutput.log".
[0.999s] Invoked command in '/home/yeryn/practice/build/unitree_nav' returned '1': AMENT_PREFIX_PATH=/home/yeryn/practice/install/unitree_nav_interfaces:${AMENT_PREFIX_PATH} CMAKE_PREFIX_PATH=/home/yeryn/practice/install/unitree_nav_interfaces:/opt/ros/humble LD_LIBRARY_PATH=/home/yeryn/practice/install/unitree_nav_interfaces/lib:${LD_LIBRARY_PATH} PYTHONPATH=/home/yeryn/practice/install/unitree_nav_interfaces/local/lib/python3.10/dist-packages:${PYTHONPATH} /usr/bin/cmake /home/yeryn/practice/unitree_nav/unitree_nav -DCMAKE_INSTALL_PREFIX=/home/yeryn/practice/install/unitree_nav
